<?xml version="1.0" encoding="UTF-8"?>
<!-- Generated by org.testng.reporters.JUnitReportReporter -->
<testsuite skipped="0" hostname="LAPTOP-UH7HNFMA" name="Scripts.lca1" tests="1" failures="0" timestamp="13 Dec 2019 04:17:54 GMT" time="31.903" errors="0">
  <testcase name="loginscript" time="31.903" classname="Scripts.lca1"/>
</testsuite> <!-- Scripts.lca1 -->
